@ NAME             %05s "TWISS"
@ TYPE             %05s "TWISS"
@ SEQUENCE         %08s "CI_CELL1"
@ PARTICLE         %06s "PROTON"
@ MASS             %le        0.9382720814
@ CHARGE           %le                   1
@ ENERGY           %le                  20
@ PC               %le         19.97797901
@ GAMMA            %le         21.31577865
@ KBUNCH           %le                   1
@ BCURRENT         %le                   0
@ SIGE             %le               0.001
@ SIGT             %le                   1
@ NPART            %le                   0
@ EX               %le                   1
@ EY               %le                   1
@ ET               %le               0.001
@ LENGTH           %le                1000
@ ALFA             %le        0.1789932276
@ ORBIT5           %le                  -0
@ GAMMATR          %le         2.363642011
@ Q1               %le         2.395724244
@ Q2               %le         2.395724244
@ DQ1              %le        -2.518384148
@ DQ2              %le        -2.518384148
@ DXMAX            %le         34.45748962
@ DYMAX            %le                   0
@ XCOMAX           %le                   0
@ YCOMAX           %le                   0
@ BETXMAX          %le         100.0267292
@ BETYMAX          %le         100.0267292
@ XCORMS           %le                   0
@ YCORMS           %le                   0
@ DXRMS            %le         29.03430831
@ DYRMS            %le                   0
@ DELTAP           %le                   0
@ SYNCH_1          %le                   0
@ SYNCH_2          %le                   0
@ SYNCH_3          %le                   0
@ SYNCH_4          %le                   0
@ SYNCH_5          %le                   0
@ TITLE            %09s "Example 1"
@ ORIGIN           %16s "5.03.07 Linux 64"
@ DATE             %08s "23/05/18"
@ TIME             %08s "20.56.04"
* NAME               KEYWORD                             S                  L              ANGLE                K0L                K1L                K2L                K3L                K4L                 E1                 E2 
$ %s                 %s                                %le                %le                %le                %le                %le                %le                %le                %le                %le                %le 
 "CI_CELL1$START"    "MARKER"                             0                  0                  0                  0                  0                  0                  0                  0                  0                  0
 "START_MACHINE"     "MARKER"                             0                  0                  0                  0                  0                  0                  0                  0                  0                  0
 "QF"                "MULTIPOLE"                          0                  0                  0                  0             0.0294                  0                  0                  0                  0                  0
 "DRIFT_0"           "DRIFT"                           3.75                7.5                  0                  0                  0                  0                  0                  0                  0                  0
 "MB"                "MULTIPOLE"                        7.5                  0                  0      0.07853981634                  0                  0                  0                  0                  0                  0
 "DRIFT_1"           "DRIFT"                           12.5                 10                  0                  0                  0                  0                  0                  0                  0                  0
 "MB"                "MULTIPOLE"                       17.5                  0                  0      0.07853981634                  0                  0                  0                  0                  0                  0
 "DRIFT_2"           "DRIFT"                          21.25                7.5                  0                  0                  0                  0                  0                  0                  0                  0
 "QD"                "MULTIPOLE"                         25                  0                  0                  0            -0.0294                  0                  0                  0                  0                  0
 "DRIFT_3"           "DRIFT"                          28.75                7.5                  0                  0                  0                  0                  0                  0                  0                  0
 "MB"                "MULTIPOLE"                       32.5                  0                  0      0.07853981634                  0                  0                  0                  0                  0                  0
 "DRIFT_4"           "DRIFT"                           37.5                 10                  0                  0                  0                  0                  0                  0                  0                  0
 "MB"                "MULTIPOLE"                       42.5                  0                  0      0.07853981634                  0                  0                  0                  0                  0                  0
 "DRIFT_5"           "DRIFT"                          46.25                7.5                  0                  0                  0                  0                  0                  0                  0                  0
 "QF"                "MULTIPOLE"                         50                  0                  0                  0             0.0294                  0                  0                  0                  0                  0
 "DRIFT_6"           "DRIFT"                          53.75                7.5                  0                  0                  0                  0                  0                  0                  0                  0
 "MB"                "MULTIPOLE"                       57.5                  0                  0      0.07853981634                  0                  0                  0                  0                  0                  0
 "DRIFT_7"           "DRIFT"                           62.5                 10                  0                  0                  0                  0                  0                  0                  0                  0
 "MB"                "MULTIPOLE"                       67.5                  0                  0      0.07853981634                  0                  0                  0                  0                  0                  0
 "DRIFT_8"           "DRIFT"                          71.25                7.5                  0                  0                  0                  0                  0                  0                  0                  0
 "QD"                "MULTIPOLE"                         75                  0                  0                  0            -0.0294                  0                  0                  0                  0                  0
 "DRIFT_9"           "DRIFT"                          78.75                7.5                  0                  0                  0                  0                  0                  0                  0                  0
 "MB"                "MULTIPOLE"                       82.5                  0                  0      0.07853981634                  0                  0                  0                  0                  0                  0
 "DRIFT_10"          "DRIFT"                           87.5                 10                  0                  0                  0                  0                  0                  0                  0                  0
 "MB"                "MULTIPOLE"                       92.5                  0                  0      0.07853981634                  0                  0                  0                  0                  0                  0
 "DRIFT_11"          "DRIFT"                          96.25                7.5                  0                  0                  0                  0                  0                  0                  0                  0
 "QF"                "MULTIPOLE"                        100                  0                  0                  0             0.0294                  0                  0                  0                  0                  0
 "DRIFT_12"          "DRIFT"                         103.75                7.5                  0                  0                  0                  0                  0                  0                  0                  0
 "MB"                "MULTIPOLE"                      107.5                  0                  0      0.07853981634                  0                  0                  0                  0                  0                  0
 "DRIFT_13"          "DRIFT"                          112.5                 10                  0                  0                  0                  0                  0                  0                  0                  0
 "MB"                "MULTIPOLE"                      117.5                  0                  0      0.07853981634                  0                  0                  0                  0                  0                  0
 "DRIFT_14"          "DRIFT"                         121.25                7.5                  0                  0                  0                  0                  0                  0                  0                  0
 "QD"                "MULTIPOLE"                        125                  0                  0                  0            -0.0294                  0                  0                  0                  0                  0
 "DRIFT_15"          "DRIFT"                         128.75                7.5                  0                  0                  0                  0                  0                  0                  0                  0
 "MB"                "MULTIPOLE"                      132.5                  0                  0      0.07853981634                  0                  0                  0                  0                  0                  0
 "DRIFT_16"          "DRIFT"                          137.5                 10                  0                  0                  0                  0                  0                  0                  0                  0
 "MB"                "MULTIPOLE"                      142.5                  0                  0      0.07853981634                  0                  0                  0                  0                  0                  0
 "DRIFT_17"          "DRIFT"                         146.25                7.5                  0                  0                  0                  0                  0                  0                  0                  0
 "QF"                "MULTIPOLE"                        150                  0                  0                  0             0.0294                  0                  0                  0                  0                  0
 "DRIFT_18"          "DRIFT"                         153.75                7.5                  0                  0                  0                  0                  0                  0                  0                  0
 "MB"                "MULTIPOLE"                      157.5                  0                  0      0.07853981634                  0                  0                  0                  0                  0                  0
 "DRIFT_19"          "DRIFT"                          162.5                 10                  0                  0                  0                  0                  0                  0                  0                  0
 "MB"                "MULTIPOLE"                      167.5                  0                  0      0.07853981634                  0                  0                  0                  0                  0                  0
 "DRIFT_20"          "DRIFT"                         171.25                7.5                  0                  0                  0                  0                  0                  0                  0                  0
 "QD"                "MULTIPOLE"                        175                  0                  0                  0            -0.0294                  0                  0                  0                  0                  0
 "DRIFT_21"          "DRIFT"                         178.75                7.5                  0                  0                  0                  0                  0                  0                  0                  0
 "MB"                "MULTIPOLE"                      182.5                  0                  0      0.07853981634                  0                  0                  0                  0                  0                  0
 "DRIFT_22"          "DRIFT"                          187.5                 10                  0                  0                  0                  0                  0                  0                  0                  0
 "MB"                "MULTIPOLE"                      192.5                  0                  0      0.07853981634                  0                  0                  0                  0                  0                  0
 "DRIFT_23"          "DRIFT"                         196.25                7.5                  0                  0                  0                  0                  0                  0                  0                  0
 "QF"                "MULTIPOLE"                        200                  0                  0                  0             0.0294                  0                  0                  0                  0                  0
 "DRIFT_24"          "DRIFT"                         203.75                7.5                  0                  0                  0                  0                  0                  0                  0                  0
 "MB"                "MULTIPOLE"                      207.5                  0                  0      0.07853981634                  0                  0                  0                  0                  0                  0
 "DRIFT_25"          "DRIFT"                          212.5                 10                  0                  0                  0                  0                  0                  0                  0                  0
 "MB"                "MULTIPOLE"                      217.5                  0                  0      0.07853981634                  0                  0                  0                  0                  0                  0
 "DRIFT_26"          "DRIFT"                         221.25                7.5                  0                  0                  0                  0                  0                  0                  0                  0
 "QD"                "MULTIPOLE"                        225                  0                  0                  0            -0.0294                  0                  0                  0                  0                  0
 "DRIFT_27"          "DRIFT"                         228.75                7.5                  0                  0                  0                  0                  0                  0                  0                  0
 "MB"                "MULTIPOLE"                      232.5                  0                  0      0.07853981634                  0                  0                  0                  0                  0                  0
 "DRIFT_28"          "DRIFT"                          237.5                 10                  0                  0                  0                  0                  0                  0                  0                  0
 "MB"                "MULTIPOLE"                      242.5                  0                  0      0.07853981634                  0                  0                  0                  0                  0                  0
 "DRIFT_29"          "DRIFT"                         246.25                7.5                  0                  0                  0                  0                  0                  0                  0                  0
 "QF"                "MULTIPOLE"                        250                  0                  0                  0             0.0294                  0                  0                  0                  0                  0
 "DRIFT_30"          "DRIFT"                         253.75                7.5                  0                  0                  0                  0                  0                  0                  0                  0
 "MB"                "MULTIPOLE"                      257.5                  0                  0      0.07853981634                  0                  0                  0                  0                  0                  0
 "DRIFT_31"          "DRIFT"                          262.5                 10                  0                  0                  0                  0                  0                  0                  0                  0
 "MB"                "MULTIPOLE"                      267.5                  0                  0      0.07853981634                  0                  0                  0                  0                  0                  0
 "DRIFT_32"          "DRIFT"                         271.25                7.5                  0                  0                  0                  0                  0                  0                  0                  0
 "QD"                "MULTIPOLE"                        275                  0                  0                  0            -0.0294                  0                  0                  0                  0                  0
 "DRIFT_33"          "DRIFT"                         278.75                7.5                  0                  0                  0                  0                  0                  0                  0                  0
 "MB"                "MULTIPOLE"                      282.5                  0                  0      0.07853981634                  0                  0                  0                  0                  0                  0
 "DRIFT_34"          "DRIFT"                          287.5                 10                  0                  0                  0                  0                  0                  0                  0                  0
 "MB"                "MULTIPOLE"                      292.5                  0                  0      0.07853981634                  0                  0                  0                  0                  0                  0
 "DRIFT_35"          "DRIFT"                         296.25                7.5                  0                  0                  0                  0                  0                  0                  0                  0
 "QF"                "MULTIPOLE"                        300                  0                  0                  0             0.0294                  0                  0                  0                  0                  0
 "DRIFT_36"          "DRIFT"                         303.75                7.5                  0                  0                  0                  0                  0                  0                  0                  0
 "MB"                "MULTIPOLE"                      307.5                  0                  0      0.07853981634                  0                  0                  0                  0                  0                  0
 "DRIFT_37"          "DRIFT"                          312.5                 10                  0                  0                  0                  0                  0                  0                  0                  0
 "MB"                "MULTIPOLE"                      317.5                  0                  0      0.07853981634                  0                  0                  0                  0                  0                  0
 "DRIFT_38"          "DRIFT"                         321.25                7.5                  0                  0                  0                  0                  0                  0                  0                  0
 "QD"                "MULTIPOLE"                        325                  0                  0                  0            -0.0294                  0                  0                  0                  0                  0
 "DRIFT_39"          "DRIFT"                         328.75                7.5                  0                  0                  0                  0                  0                  0                  0                  0
 "MB"                "MULTIPOLE"                      332.5                  0                  0      0.07853981634                  0                  0                  0                  0                  0                  0
 "DRIFT_40"          "DRIFT"                          337.5                 10                  0                  0                  0                  0                  0                  0                  0                  0
 "MB"                "MULTIPOLE"                      342.5                  0                  0      0.07853981634                  0                  0                  0                  0                  0                  0
 "DRIFT_41"          "DRIFT"                         346.25                7.5                  0                  0                  0                  0                  0                  0                  0                  0
 "QF"                "MULTIPOLE"                        350                  0                  0                  0             0.0294                  0                  0                  0                  0                  0
 "DRIFT_42"          "DRIFT"                         353.75                7.5                  0                  0                  0                  0                  0                  0                  0                  0
 "MB"                "MULTIPOLE"                      357.5                  0                  0      0.07853981634                  0                  0                  0                  0                  0                  0
 "DRIFT_43"          "DRIFT"                          362.5                 10                  0                  0                  0                  0                  0                  0                  0                  0
 "MB"                "MULTIPOLE"                      367.5                  0                  0      0.07853981634                  0                  0                  0                  0                  0                  0
 "DRIFT_44"          "DRIFT"                         371.25                7.5                  0                  0                  0                  0                  0                  0                  0                  0
 "QD"                "MULTIPOLE"                        375                  0                  0                  0            -0.0294                  0                  0                  0                  0                  0
 "DRIFT_45"          "DRIFT"                         378.75                7.5                  0                  0                  0                  0                  0                  0                  0                  0
 "MB"                "MULTIPOLE"                      382.5                  0                  0      0.07853981634                  0                  0                  0                  0                  0                  0
 "DRIFT_46"          "DRIFT"                          387.5                 10                  0                  0                  0                  0                  0                  0                  0                  0
 "MB"                "MULTIPOLE"                      392.5                  0                  0      0.07853981634                  0                  0                  0                  0                  0                  0
 "DRIFT_47"          "DRIFT"                         396.25                7.5                  0                  0                  0                  0                  0                  0                  0                  0
 "QF"                "MULTIPOLE"                        400                  0                  0                  0             0.0294                  0                  0                  0                  0                  0
 "DRIFT_48"          "DRIFT"                         403.75                7.5                  0                  0                  0                  0                  0                  0                  0                  0
 "MB"                "MULTIPOLE"                      407.5                  0                  0      0.07853981634                  0                  0                  0                  0                  0                  0
 "DRIFT_49"          "DRIFT"                          412.5                 10                  0                  0                  0                  0                  0                  0                  0                  0
 "MB"                "MULTIPOLE"                      417.5                  0                  0      0.07853981634                  0                  0                  0                  0                  0                  0
 "DRIFT_50"          "DRIFT"                         421.25                7.5                  0                  0                  0                  0                  0                  0                  0                  0
 "QD"                "MULTIPOLE"                        425                  0                  0                  0            -0.0294                  0                  0                  0                  0                  0
 "DRIFT_51"          "DRIFT"                         428.75                7.5                  0                  0                  0                  0                  0                  0                  0                  0
 "MB"                "MULTIPOLE"                      432.5                  0                  0      0.07853981634                  0                  0                  0                  0                  0                  0
 "DRIFT_52"          "DRIFT"                          437.5                 10                  0                  0                  0                  0                  0                  0                  0                  0
 "MB"                "MULTIPOLE"                      442.5                  0                  0      0.07853981634                  0                  0                  0                  0                  0                  0
 "DRIFT_53"          "DRIFT"                         446.25                7.5                  0                  0                  0                  0                  0                  0                  0                  0
 "QF"                "MULTIPOLE"                        450                  0                  0                  0             0.0294                  0                  0                  0                  0                  0
 "DRIFT_54"          "DRIFT"                         453.75                7.5                  0                  0                  0                  0                  0                  0                  0                  0
 "MB"                "MULTIPOLE"                      457.5                  0                  0      0.07853981634                  0                  0                  0                  0                  0                  0
 "DRIFT_55"          "DRIFT"                          462.5                 10                  0                  0                  0                  0                  0                  0                  0                  0
 "MB"                "MULTIPOLE"                      467.5                  0                  0      0.07853981634                  0                  0                  0                  0                  0                  0
 "DRIFT_56"          "DRIFT"                         471.25                7.5                  0                  0                  0                  0                  0                  0                  0                  0
 "QD"                "MULTIPOLE"                        475                  0                  0                  0            -0.0294                  0                  0                  0                  0                  0
 "DRIFT_57"          "DRIFT"                         478.75                7.5                  0                  0                  0                  0                  0                  0                  0                  0
 "MB"                "MULTIPOLE"                      482.5                  0                  0      0.07853981634                  0                  0                  0                  0                  0                  0
 "DRIFT_58"          "DRIFT"                          487.5                 10                  0                  0                  0                  0                  0                  0                  0                  0
 "MB"                "MULTIPOLE"                      492.5                  0                  0      0.07853981634                  0                  0                  0                  0                  0                  0
 "DRIFT_59"          "DRIFT"                         496.25                7.5                  0                  0                  0                  0                  0                  0                  0                  0
 "QF"                "MULTIPOLE"                        500                  0                  0                  0             0.0294                  0                  0                  0                  0                  0
 "DRIFT_60"          "DRIFT"                         503.75                7.5                  0                  0                  0                  0                  0                  0                  0                  0
 "MB"                "MULTIPOLE"                      507.5                  0                  0      0.07853981634                  0                  0                  0                  0                  0                  0
 "DRIFT_61"          "DRIFT"                          512.5                 10                  0                  0                  0                  0                  0                  0                  0                  0
 "MB"                "MULTIPOLE"                      517.5                  0                  0      0.07853981634                  0                  0                  0                  0                  0                  0
 "DRIFT_62"          "DRIFT"                         521.25                7.5                  0                  0                  0                  0                  0                  0                  0                  0
 "QD"                "MULTIPOLE"                        525                  0                  0                  0            -0.0294                  0                  0                  0                  0                  0
 "DRIFT_63"          "DRIFT"                         528.75                7.5                  0                  0                  0                  0                  0                  0                  0                  0
 "MB"                "MULTIPOLE"                      532.5                  0                  0      0.07853981634                  0                  0                  0                  0                  0                  0
 "DRIFT_64"          "DRIFT"                          537.5                 10                  0                  0                  0                  0                  0                  0                  0                  0
 "MB"                "MULTIPOLE"                      542.5                  0                  0      0.07853981634                  0                  0                  0                  0                  0                  0
 "DRIFT_65"          "DRIFT"                         546.25                7.5                  0                  0                  0                  0                  0                  0                  0                  0
 "QF"                "MULTIPOLE"                        550                  0                  0                  0             0.0294                  0                  0                  0                  0                  0
 "DRIFT_66"          "DRIFT"                         553.75                7.5                  0                  0                  0                  0                  0                  0                  0                  0
 "MB"                "MULTIPOLE"                      557.5                  0                  0      0.07853981634                  0                  0                  0                  0                  0                  0
 "DRIFT_67"          "DRIFT"                          562.5                 10                  0                  0                  0                  0                  0                  0                  0                  0
 "MB"                "MULTIPOLE"                      567.5                  0                  0      0.07853981634                  0                  0                  0                  0                  0                  0
 "DRIFT_68"          "DRIFT"                         571.25                7.5                  0                  0                  0                  0                  0                  0                  0                  0
 "QD"                "MULTIPOLE"                        575                  0                  0                  0            -0.0294                  0                  0                  0                  0                  0
 "DRIFT_69"          "DRIFT"                         578.75                7.5                  0                  0                  0                  0                  0                  0                  0                  0
 "MB"                "MULTIPOLE"                      582.5                  0                  0      0.07853981634                  0                  0                  0                  0                  0                  0
 "DRIFT_70"          "DRIFT"                          587.5                 10                  0                  0                  0                  0                  0                  0                  0                  0
 "MB"                "MULTIPOLE"                      592.5                  0                  0      0.07853981634                  0                  0                  0                  0                  0                  0
 "DRIFT_71"          "DRIFT"                         596.25                7.5                  0                  0                  0                  0                  0                  0                  0                  0
 "QF"                "MULTIPOLE"                        600                  0                  0                  0             0.0294                  0                  0                  0                  0                  0
 "DRIFT_72"          "DRIFT"                         603.75                7.5                  0                  0                  0                  0                  0                  0                  0                  0
 "MB"                "MULTIPOLE"                      607.5                  0                  0      0.07853981634                  0                  0                  0                  0                  0                  0
 "DRIFT_73"          "DRIFT"                          612.5                 10                  0                  0                  0                  0                  0                  0                  0                  0
 "MB"                "MULTIPOLE"                      617.5                  0                  0      0.07853981634                  0                  0                  0                  0                  0                  0
 "DRIFT_74"          "DRIFT"                         621.25                7.5                  0                  0                  0                  0                  0                  0                  0                  0
 "QD"                "MULTIPOLE"                        625                  0                  0                  0            -0.0294                  0                  0                  0                  0                  0
 "DRIFT_75"          "DRIFT"                         628.75                7.5                  0                  0                  0                  0                  0                  0                  0                  0
 "MB"                "MULTIPOLE"                      632.5                  0                  0      0.07853981634                  0                  0                  0                  0                  0                  0
 "DRIFT_76"          "DRIFT"                          637.5                 10                  0                  0                  0                  0                  0                  0                  0                  0
 "MB"                "MULTIPOLE"                      642.5                  0                  0      0.07853981634                  0                  0                  0                  0                  0                  0
 "DRIFT_77"          "DRIFT"                         646.25                7.5                  0                  0                  0                  0                  0                  0                  0                  0
 "QF"                "MULTIPOLE"                        650                  0                  0                  0             0.0294                  0                  0                  0                  0                  0
 "DRIFT_78"          "DRIFT"                         653.75                7.5                  0                  0                  0                  0                  0                  0                  0                  0
 "MB"                "MULTIPOLE"                      657.5                  0                  0      0.07853981634                  0                  0                  0                  0                  0                  0
 "DRIFT_79"          "DRIFT"                          662.5                 10                  0                  0                  0                  0                  0                  0                  0                  0
 "MB"                "MULTIPOLE"                      667.5                  0                  0      0.07853981634                  0                  0                  0                  0                  0                  0
 "DRIFT_80"          "DRIFT"                         671.25                7.5                  0                  0                  0                  0                  0                  0                  0                  0
 "QD"                "MULTIPOLE"                        675                  0                  0                  0            -0.0294                  0                  0                  0                  0                  0
 "DRIFT_81"          "DRIFT"                         678.75                7.5                  0                  0                  0                  0                  0                  0                  0                  0
 "MB"                "MULTIPOLE"                      682.5                  0                  0      0.07853981634                  0                  0                  0                  0                  0                  0
 "DRIFT_82"          "DRIFT"                          687.5                 10                  0                  0                  0                  0                  0                  0                  0                  0
 "MB"                "MULTIPOLE"                      692.5                  0                  0      0.07853981634                  0                  0                  0                  0                  0                  0
 "DRIFT_83"          "DRIFT"                         696.25                7.5                  0                  0                  0                  0                  0                  0                  0                  0
 "QF"                "MULTIPOLE"                        700                  0                  0                  0             0.0294                  0                  0                  0                  0                  0
 "DRIFT_84"          "DRIFT"                         703.75                7.5                  0                  0                  0                  0                  0                  0                  0                  0
 "MB"                "MULTIPOLE"                      707.5                  0                  0      0.07853981634                  0                  0                  0                  0                  0                  0
 "DRIFT_85"          "DRIFT"                          712.5                 10                  0                  0                  0                  0                  0                  0                  0                  0
 "MB"                "MULTIPOLE"                      717.5                  0                  0      0.07853981634                  0                  0                  0                  0                  0                  0
 "DRIFT_86"          "DRIFT"                         721.25                7.5                  0                  0                  0                  0                  0                  0                  0                  0
 "QD"                "MULTIPOLE"                        725                  0                  0                  0            -0.0294                  0                  0                  0                  0                  0
 "DRIFT_87"          "DRIFT"                         728.75                7.5                  0                  0                  0                  0                  0                  0                  0                  0
 "MB"                "MULTIPOLE"                      732.5                  0                  0      0.07853981634                  0                  0                  0                  0                  0                  0
 "DRIFT_88"          "DRIFT"                          737.5                 10                  0                  0                  0                  0                  0                  0                  0                  0
 "MB"                "MULTIPOLE"                      742.5                  0                  0      0.07853981634                  0                  0                  0                  0                  0                  0
 "DRIFT_89"          "DRIFT"                         746.25                7.5                  0                  0                  0                  0                  0                  0                  0                  0
 "QF"                "MULTIPOLE"                        750                  0                  0                  0             0.0294                  0                  0                  0                  0                  0
 "DRIFT_90"          "DRIFT"                         753.75                7.5                  0                  0                  0                  0                  0                  0                  0                  0
 "MB"                "MULTIPOLE"                      757.5                  0                  0      0.07853981634                  0                  0                  0                  0                  0                  0
 "DRIFT_91"          "DRIFT"                          762.5                 10                  0                  0                  0                  0                  0                  0                  0                  0
 "MB"                "MULTIPOLE"                      767.5                  0                  0      0.07853981634                  0                  0                  0                  0                  0                  0
 "DRIFT_92"          "DRIFT"                         771.25                7.5                  0                  0                  0                  0                  0                  0                  0                  0
 "QD"                "MULTIPOLE"                        775                  0                  0                  0            -0.0294                  0                  0                  0                  0                  0
 "DRIFT_93"          "DRIFT"                         778.75                7.5                  0                  0                  0                  0                  0                  0                  0                  0
 "MB"                "MULTIPOLE"                      782.5                  0                  0      0.07853981634                  0                  0                  0                  0                  0                  0
 "DRIFT_94"          "DRIFT"                          787.5                 10                  0                  0                  0                  0                  0                  0                  0                  0
 "MB"                "MULTIPOLE"                      792.5                  0                  0      0.07853981634                  0                  0                  0                  0                  0                  0
 "DRIFT_95"          "DRIFT"                         796.25                7.5                  0                  0                  0                  0                  0                  0                  0                  0
 "QF"                "MULTIPOLE"                        800                  0                  0                  0             0.0294                  0                  0                  0                  0                  0
 "DRIFT_96"          "DRIFT"                         803.75                7.5                  0                  0                  0                  0                  0                  0                  0                  0
 "MB"                "MULTIPOLE"                      807.5                  0                  0      0.07853981634                  0                  0                  0                  0                  0                  0
 "DRIFT_97"          "DRIFT"                          812.5                 10                  0                  0                  0                  0                  0                  0                  0                  0
 "MB"                "MULTIPOLE"                      817.5                  0                  0      0.07853981634                  0                  0                  0                  0                  0                  0
 "DRIFT_98"          "DRIFT"                         821.25                7.5                  0                  0                  0                  0                  0                  0                  0                  0
 "QD"                "MULTIPOLE"                        825                  0                  0                  0            -0.0294                  0                  0                  0                  0                  0
 "DRIFT_99"          "DRIFT"                         828.75                7.5                  0                  0                  0                  0                  0                  0                  0                  0
 "MB"                "MULTIPOLE"                      832.5                  0                  0      0.07853981634                  0                  0                  0                  0                  0                  0
 "DRIFT_100"         "DRIFT"                          837.5                 10                  0                  0                  0                  0                  0                  0                  0                  0
 "MB"                "MULTIPOLE"                      842.5                  0                  0      0.07853981634                  0                  0                  0                  0                  0                  0
 "DRIFT_101"         "DRIFT"                         846.25                7.5                  0                  0                  0                  0                  0                  0                  0                  0
 "QF"                "MULTIPOLE"                        850                  0                  0                  0             0.0294                  0                  0                  0                  0                  0
 "DRIFT_102"         "DRIFT"                         853.75                7.5                  0                  0                  0                  0                  0                  0                  0                  0
 "MB"                "MULTIPOLE"                      857.5                  0                  0      0.07853981634                  0                  0                  0                  0                  0                  0
 "DRIFT_103"         "DRIFT"                          862.5                 10                  0                  0                  0                  0                  0                  0                  0                  0
 "MB"                "MULTIPOLE"                      867.5                  0                  0      0.07853981634                  0                  0                  0                  0                  0                  0
 "DRIFT_104"         "DRIFT"                         871.25                7.5                  0                  0                  0                  0                  0                  0                  0                  0
 "QD"                "MULTIPOLE"                        875                  0                  0                  0            -0.0294                  0                  0                  0                  0                  0
 "DRIFT_105"         "DRIFT"                         878.75                7.5                  0                  0                  0                  0                  0                  0                  0                  0
 "MB"                "MULTIPOLE"                      882.5                  0                  0      0.07853981634                  0                  0                  0                  0                  0                  0
 "DRIFT_106"         "DRIFT"                          887.5                 10                  0                  0                  0                  0                  0                  0                  0                  0
 "MB"                "MULTIPOLE"                      892.5                  0                  0      0.07853981634                  0                  0                  0                  0                  0                  0
 "DRIFT_107"         "DRIFT"                         896.25                7.5                  0                  0                  0                  0                  0                  0                  0                  0
 "QF"                "MULTIPOLE"                        900                  0                  0                  0             0.0294                  0                  0                  0                  0                  0
 "DRIFT_108"         "DRIFT"                         903.75                7.5                  0                  0                  0                  0                  0                  0                  0                  0
 "MB"                "MULTIPOLE"                      907.5                  0                  0      0.07853981634                  0                  0                  0                  0                  0                  0
 "DRIFT_109"         "DRIFT"                          912.5                 10                  0                  0                  0                  0                  0                  0                  0                  0
 "MB"                "MULTIPOLE"                      917.5                  0                  0      0.07853981634                  0                  0                  0                  0                  0                  0
 "DRIFT_110"         "DRIFT"                         921.25                7.5                  0                  0                  0                  0                  0                  0                  0                  0
 "QD"                "MULTIPOLE"                        925                  0                  0                  0            -0.0294                  0                  0                  0                  0                  0
 "DRIFT_111"         "DRIFT"                         928.75                7.5                  0                  0                  0                  0                  0                  0                  0                  0
 "MB"                "MULTIPOLE"                      932.5                  0                  0      0.07853981634                  0                  0                  0                  0                  0                  0
 "DRIFT_112"         "DRIFT"                          937.5                 10                  0                  0                  0                  0                  0                  0                  0                  0
 "MB"                "MULTIPOLE"                      942.5                  0                  0      0.07853981634                  0                  0                  0                  0                  0                  0
 "DRIFT_113"         "DRIFT"                         946.25                7.5                  0                  0                  0                  0                  0                  0                  0                  0
 "QF"                "MULTIPOLE"                        950                  0                  0                  0             0.0294                  0                  0                  0                  0                  0
 "DRIFT_114"         "DRIFT"                         953.75                7.5                  0                  0                  0                  0                  0                  0                  0                  0
 "MB"                "MULTIPOLE"                      957.5                  0                  0      0.07853981634                  0                  0                  0                  0                  0                  0
 "DRIFT_115"         "DRIFT"                          962.5                 10                  0                  0                  0                  0                  0                  0                  0                  0
 "MB"                "MULTIPOLE"                      967.5                  0                  0      0.07853981634                  0                  0                  0                  0                  0                  0
 "DRIFT_116"         "DRIFT"                         971.25                7.5                  0                  0                  0                  0                  0                  0                  0                  0
 "QD"                "MULTIPOLE"                        975                  0                  0                  0            -0.0294                  0                  0                  0                  0                  0
 "DRIFT_117"         "DRIFT"                         978.75                7.5                  0                  0                  0                  0                  0                  0                  0                  0
 "MB"                "MULTIPOLE"                      982.5                  0                  0      0.07853981634                  0                  0                  0                  0                  0                  0
 "DRIFT_118"         "DRIFT"                          987.5                 10                  0                  0                  0                  0                  0                  0                  0                  0
 "MB"                "MULTIPOLE"                      992.5                  0                  0      0.07853981634                  0                  0                  0                  0                  0                  0
 "DRIFT_119"         "DRIFT"                         996.25                7.5                  0                  0                  0                  0                  0                  0                  0                  0
 "END_MACHINE"       "MARKER"                          1000                  0                  0                  0                  0                  0                  0                  0                  0                  0
 "CI_CELL1$END"      "MARKER"                          1000                  0                  0                  0                  0                  0                  0                  0                  0                  0
